<?xml version="1.0" encoding="UTF-8" ?>
<testsuite errors="0" failures="1" hostname="Desktop-pc" name="com.testcases.TestCsv" skipped="0" tests="3" time="0.097" timestamp="2015-09-17T06:02:22">
  <properties>
[...]
</properties>
  <testcase classname="com.testcases.TestCsv" name="testCase" time="0.0" />
  <testcase classname="com.testcases.TestCsv" name="testIsoCode" time="0.045">
    <failure message="expected:&lt;[]Kwanza&gt; but was:&lt;[a]Kwanza&gt;" type="junit.framework.AssertionFailedError">junit.framework.AssertionFailedError: expected:&lt;[]Kwanza&gt; but was:&lt;[a]Kwanza&gt;
	at com.testcases.TestCsv.testIsoCode(Unknown Source)
</failure>
  </testcase>
  <testcase classname="com.testcases.TestCsv" name="testNumCode" time="0.001" />
  <system-out><![CDATA[/C:/Users/Family/Projects/Junit/ant/bin/./
/C:/Users/Family/Projects/Junit/ant/bin/./
Path : C:\currencycodes.xml
]]></system-out>
  <system-err><![CDATA[]]></system-err>
</testsuite>
