<?xml version="1.0" encoding="UTF-8" ?>
<testsuite errors="2" failures="0" hostname="Desktop-pc" name="com.testcases.TestCsv" skipped="0" tests="3" time="0.055" timestamp="2015-09-11T06:09:02">
  <properties>
[...]
</properties>
  <testcase classname="com.testcases.TestCsv" name="testCase" time="0.0" />
  <testcase classname="com.testcases.TestCsv" name="testIsoCode" time="0.005">
    <error type="java.lang.NullPointerException">java.lang.NullPointerException
	at com.testcases.TestCsv.testIsoCode(Unknown Source)
</error>
  </testcase>
  <testcase classname="com.testcases.TestCsv" name="testNumCode" time="0.0">
    <error type="java.lang.NullPointerException">java.lang.NullPointerException
	at com.testcases.TestCsv.testNumCode(Unknown Source)
</error>
  </testcase>
  <system-out><![CDATA[/C:/Users/Family/Projects/Junit/ant/lib/./
]]></system-out>
  <system-err><![CDATA[java.io.FileNotFoundException: File /C:/Users/Family/Projects/Junit/ant/lib/./com\resources\data.csv does not exist.
	at com.csvreader.CsvReader.<init>(Unknown Source)
	at com.csvreader.CsvReader.<init>(Unknown Source)
	at com.csvreader.CsvReader.<init>(Unknown Source)
	at com.testcases.TestCsv.setUp(Unknown Source)
	at sun.reflect.NativeMethodAccessorImpl.invoke0(Native Method)
	at sun.reflect.NativeMethodAccessorImpl.invoke(NativeMethodAccessorImpl.java:62)
	at sun.reflect.DelegatingMethodAccessorImpl.invoke(DelegatingMethodAccessorImpl.java:43)
	at java.lang.reflect.Method.invoke(Method.java:497)
	at org.junit.runners.model.FrameworkMethod$1.runReflectiveCall(FrameworkMethod.java:50)
	at org.junit.internal.runners.model.ReflectiveCallable.run(ReflectiveCallable.java:12)
	at org.junit.runners.model.FrameworkMethod.invokeExplosively(FrameworkMethod.java:47)
	at org.junit.internal.runners.statements.RunBefores.evaluate(RunBefores.java:24)
	at org.junit.internal.runners.statements.RunAfters.evaluate(RunAfters.java:27)
	at org.junit.runners.ParentRunner.run(ParentRunner.java:363)
	at junit.framework.JUnit4TestAdapter.run(JUnit4TestAdapter.java:38)
	at org.apache.tools.ant.taskdefs.optional.junit.JUnitTestRunner.run(JUnitTestRunner.java:535)
	at org.apache.tools.ant.taskdefs.optional.junit.JUnitTask.executeInVM(JUnitTask.java:1621)
	at org.apache.tools.ant.taskdefs.optional.junit.JUnitTask.execute(JUnitTask.java:1021)
	at org.apache.tools.ant.taskdefs.optional.junit.JUnitTask.executeOrQueue(JUnitTask.java:2105)
	at org.apache.tools.ant.taskdefs.optional.junit.JUnitTask.execute(JUnitTask.java:832)
	at org.apache.tools.ant.UnknownElement.execute(UnknownElement.java:293)
	at sun.reflect.NativeMethodAccessorImpl.invoke0(Native Method)
	at sun.reflect.NativeMethodAccessorImpl.invoke(NativeMethodAccessorImpl.java:62)
	at sun.reflect.DelegatingMethodAccessorImpl.invoke(DelegatingMethodAccessorImpl.java:43)
	at java.lang.reflect.Method.invoke(Method.java:497)
	at org.apache.tools.ant.dispatch.DispatchUtils.execute(DispatchUtils.java:106)
	at org.apache.tools.ant.Task.perform(Task.java:348)
	at org.apache.tools.ant.Target.execute(Target.java:435)
	at org.apache.tools.ant.Target.performTasks(Target.java:456)
	at org.apache.tools.ant.Project.executeSortedTargets(Project.java:1405)
	at org.apache.tools.ant.Project.executeTarget(Project.java:1376)
	at org.apache.tools.ant.helper.DefaultExecutor.executeTargets(DefaultExecutor.java:41)
	at org.apache.tools.ant.Project.executeTargets(Project.java:1260)
	at org.apache.tools.ant.Main.runBuild(Main.java:853)
	at org.apache.tools.ant.Main.startAnt(Main.java:235)
	at org.apache.tools.ant.launch.Launcher.run(Launcher.java:285)
	at org.apache.tools.ant.launch.Launcher.main(Launcher.java:112)
]]></system-err>
</testsuite>
